{"/Users/charbel/WebstormProjects/notification-service-poc/service/secret-guesser/src/InversifyApplication.ts": {"path":"/Users/charbel/WebstormProjects/notification-service-poc/service/secret-guesser/src/InversifyApplication.ts","statementMap":{"0":{"start":{"line":1,"column":0},"end":{"line":1,"column":47}},"1":{"start":{"line":2,"column":0},"end":{"line":2,"column":26}},"2":{"start":{"line":3,"column":0},"end":{"line":3,"column":54}},"3":{"start":{"line":8,"column":0},"end":{"line":8,"column":13}},"4":{"start":{"line":16,"column":4},"end":{"line":16,"column":27}},"5":{"start":{"line":17,"column":4},"end":{"line":17,"column":35}},"6":{"start":{"line":20,"column":9},"end":{"line":42,"column":null}},"7":{"start":{"line":21,"column":4},"end":{"line":21,"column":53}},"8":{"start":{"line":23,"column":27},"end":{"line":23,"column":60}},"9":{"start":{"line":25,"column":4},"end":{"line":25,"column":44}},"10":{"start":{"line":26,"column":4},"end":{"line":26,"column":21}},"11":{"start":{"line":27,"column":4},"end":{"line":27,"column":59}},"12":{"start":{"line":29,"column":16},"end":{"line":29,"column":18}},"13":{"start":{"line":30,"column":16},"end":{"line":30,"column":17}},"14":{"start":{"line":31,"column":4},"end":{"line":39,"column":null}},"15":{"start":{"line":32,"column":6},"end":{"line":35,"column":null}},"16":{"start":{"line":33,"column":8},"end":{"line":33,"column":46}},"17":{"start":{"line":34,"column":8},"end":{"line":34,"column":15}},"18":{"start":{"line":36,"column":6},"end":{"line":36,"column":14}},"19":{"start":{"line":37,"column":6},"end":{"line":37,"column":34}},"20":{"start":{"line":38,"column":6},"end":{"line":38,"column":40}},"21":{"start":{"line":41,"column":4},"end":{"line":41,"column":45}},"22":{"start":{"line":8,"column":13},"end":{"line":43,"column":null}},"23":{"start":{"line":43,"column":0},"end":{"line":43,"column":null}},"24":{"start":{"line":8,"column":13},"end":{"line":8,"column":33}}},"fnMap":{"0":{"name":"(anonymous_4)","decl":{"start":{"line":8,"column":0},"end":{"line":8,"column":13}},"loc":{"start":{"line":8,"column":0},"end":{"line":8,"column":13}}},"1":{"name":"InversifyApplication","decl":{"start":{"line":12,"column":2},"end":{"line":12,"column":null}},"loc":{"start":{"line":14,"column":70},"end":{"line":18,"column":3}}},"2":{"name":"(anonymous_6)","decl":{"start":{"line":20,"column":2},"end":{"line":20,"column":9}},"loc":{"start":{"line":20,"column":33},"end":{"line":42,"column":3}}}},"branchMap":{"0":{"loc":{"start":{"line":32,"column":6},"end":{"line":35,"column":null}},"type":"if","locations":[{"start":{"line":32,"column":6},"end":{"line":35,"column":null}}]}},"s":{"0":1,"1":1,"2":1,"3":1,"4":3,"5":3,"6":1,"7":3,"8":3,"9":3,"10":3,"11":3,"12":3,"13":3,"14":3,"15":10,"16":1,"17":1,"18":9,"19":9,"20":9,"21":2,"22":1,"23":1,"24":1},"f":{"0":1,"1":3,"2":3},"b":{"0":[1]}}
,"/Users/charbel/WebstormProjects/notification-service-poc/service/secret-guesser/src/inversify.identifiers.ts": {"path":"/Users/charbel/WebstormProjects/notification-service-poc/service/secret-guesser/src/inversify.identifiers.ts","statementMap":{"0":{"start":{"line":1,"column":20},"end":{"line":5,"column":2}},"1":{"start":{"line":7,"column":9},"end":{"line":7,"column":20}}},"fnMap":{},"branchMap":{},"s":{"0":1,"1":1},"f":{},"b":{}}
,"/Users/charbel/WebstormProjects/notification-service-poc/service/secret-guesser/src/guess/EvenCounter.js": {"path":"/Users/charbel/WebstormProjects/notification-service-poc/service/secret-guesser/src/guess/EvenCounter.js","statementMap":{"0":{"start":{"line":2,"column":17},"end":{"line":7,"column":1}},"1":{"start":{"line":3,"column":12},"end":{"line":3,"column":28}},"2":{"start":{"line":3,"column":34},"end":{"line":3,"column":125}},"3":{"start":{"line":4,"column":4},"end":{"line":5,"column":150}},"4":{"start":{"line":4,"column":79},"end":{"line":4,"column":131}},"5":{"start":{"line":5,"column":9},"end":{"line":5,"column":150}},"6":{"start":{"line":5,"column":22},"end":{"line":5,"column":43}},"7":{"start":{"line":5,"column":58},"end":{"line":5,"column":150}},"8":{"start":{"line":5,"column":81},"end":{"line":5,"column":150}},"9":{"start":{"line":6,"column":4},"end":{"line":6,"column":66}},"10":{"start":{"line":8,"column":0},"end":{"line":8,"column":62}},"11":{"start":{"line":9,"column":0},"end":{"line":9,"column":29}},"12":{"start":{"line":10,"column":20},"end":{"line":10,"column":50}},"13":{"start":{"line":11,"column":18},"end":{"line":11,"column":38}},"14":{"start":{"line":12,"column":0},"end":{"line":12,"column":28}},"15":{"start":{"line":13,"column":33},"end":{"line":33,"column":3}},"16":{"start":{"line":15,"column":8},"end":{"line":15,"column":37}},"17":{"start":{"line":16,"column":8},"end":{"line":16,"column":78}},"18":{"start":{"line":18,"column":4},"end":{"line":20,"column":6}},"19":{"start":{"line":19,"column":8},"end":{"line":19,"column":26}},"20":{"start":{"line":21,"column":4},"end":{"line":23,"column":6}},"21":{"start":{"line":22,"column":8},"end":{"line":22,"column":25}},"22":{"start":{"line":24,"column":4},"end":{"line":28,"column":6}},"23":{"start":{"line":25,"column":19},"end":{"line":25,"column":29}},"24":{"start":{"line":26,"column":8},"end":{"line":26,"column":24}},"25":{"start":{"line":27,"column":8},"end":{"line":27,"column":20}},"26":{"start":{"line":29,"column":4},"end":{"line":31,"column":20}},"27":{"start":{"line":32,"column":4},"end":{"line":32,"column":23}},"28":{"start":{"line":34,"column":0},"end":{"line":34,"column":34}}},"fnMap":{"0":{"name":"(anonymous_0)","decl":{"start":{"line":2,"column":46},"end":{"line":2,"column":47}},"loc":{"start":{"line":2,"column":87},"end":{"line":7,"column":1}},"line":2},"1":{"name":"(anonymous_1)","decl":{"start":{"line":13,"column":33},"end":{"line":13,"column":34}},"loc":{"start":{"line":13,"column":45},"end":{"line":33,"column":1}},"line":13},"2":{"name":"EvenCounter","decl":{"start":{"line":14,"column":13},"end":{"line":14,"column":24}},"loc":{"start":{"line":14,"column":31},"end":{"line":17,"column":5}},"line":14},"3":{"name":"(anonymous_3)","decl":{"start":{"line":18,"column":37},"end":{"line":18,"column":38}},"loc":{"start":{"line":18,"column":49},"end":{"line":20,"column":5}},"line":18},"4":{"name":"(anonymous_4)","decl":{"start":{"line":21,"column":36},"end":{"line":21,"column":37}},"loc":{"start":{"line":21,"column":48},"end":{"line":23,"column":5}},"line":21},"5":{"name":"(anonymous_5)","decl":{"start":{"line":24,"column":33},"end":{"line":24,"column":34}},"loc":{"start":{"line":24,"column":45},"end":{"line":28,"column":5}},"line":24}},"branchMap":{"0":{"loc":{"start":{"line":2,"column":17},"end":{"line":7,"column":1}},"type":"binary-expr","locations":[{"start":{"line":2,"column":18},"end":{"line":2,"column":22}},{"start":{"line":2,"column":26},"end":{"line":2,"column":41}},{"start":{"line":2,"column":46},"end":{"line":7,"column":1}}],"line":2},"1":{"loc":{"start":{"line":3,"column":34},"end":{"line":3,"column":125}},"type":"cond-expr","locations":[{"start":{"line":3,"column":42},"end":{"line":3,"column":48}},{"start":{"line":3,"column":51},"end":{"line":3,"column":125}}],"line":3},"2":{"loc":{"start":{"line":3,"column":51},"end":{"line":3,"column":125}},"type":"cond-expr","locations":[{"start":{"line":3,"column":67},"end":{"line":3,"column":118}},{"start":{"line":3,"column":121},"end":{"line":3,"column":125}}],"line":3},"3":{"loc":{"start":{"line":4,"column":4},"end":{"line":5,"column":150}},"type":"if","locations":[{"start":{"line":4,"column":4},"end":{"line":5,"column":150}},{"start":{"line":5,"column":9},"end":{"line":5,"column":150}}],"line":4},"4":{"loc":{"start":{"line":4,"column":8},"end":{"line":4,"column":77}},"type":"binary-expr","locations":[{"start":{"line":4,"column":8},"end":{"line":4,"column":35}},{"start":{"line":4,"column":39},"end":{"line":4,"column":77}}],"line":4},"5":{"loc":{"start":{"line":5,"column":58},"end":{"line":5,"column":150}},"type":"if","locations":[{"start":{"line":5,"column":58},"end":{"line":5,"column":150}},{"start":{},"end":{}}],"line":5},"6":{"loc":{"start":{"line":5,"column":85},"end":{"line":5,"column":149}},"type":"binary-expr","locations":[{"start":{"line":5,"column":86},"end":{"line":5,"column":143}},{"start":{"line":5,"column":148},"end":{"line":5,"column":149}}],"line":5},"7":{"loc":{"start":{"line":5,"column":86},"end":{"line":5,"column":143}},"type":"cond-expr","locations":[{"start":{"line":5,"column":94},"end":{"line":5,"column":98}},{"start":{"line":5,"column":101},"end":{"line":5,"column":143}}],"line":5},"8":{"loc":{"start":{"line":5,"column":101},"end":{"line":5,"column":143}},"type":"cond-expr","locations":[{"start":{"line":5,"column":109},"end":{"line":5,"column":126}},{"start":{"line":5,"column":129},"end":{"line":5,"column":143}}],"line":5},"9":{"loc":{"start":{"line":6,"column":11},"end":{"line":6,"column":62}},"type":"binary-expr","locations":[{"start":{"line":6,"column":11},"end":{"line":6,"column":16}},{"start":{"line":6,"column":20},"end":{"line":6,"column":21}},{"start":{"line":6,"column":25},"end":{"line":6,"column":62}}],"line":6},"10":{"loc":{"start":{"line":16,"column":21},"end":{"line":16,"column":77}},"type":"cond-expr","locations":[{"start":{"line":16,"column":62},"end":{"line":16,"column":66}},{"start":{"line":16,"column":69},"end":{"line":16,"column":77}}],"line":16}},"s":{"0":1,"1":1,"2":1,"3":1,"4":1,"5":0,"6":0,"7":0,"8":0,"9":1,"10":1,"11":1,"12":1,"13":1,"14":1,"15":1,"16":0,"17":0,"18":1,"19":0,"20":1,"21":0,"22":1,"23":0,"24":0,"25":0,"26":1,"27":1,"28":1},"f":{"0":1,"1":1,"2":0,"3":0,"4":0,"5":0},"b":{"0":[1,1,1],"1":[1,0],"2":[0,0],"3":[1,0],"4":[1,1],"5":[0,0],"6":[0,0],"7":[0,0],"8":[0,0],"9":[1,0,0],"10":[0,0]},"inputSourceMap":null,"_coverageSchema":"1a1c01bbd47fc00a2c39e90264f33305004495a9","hash":"28e191f251e80642621a8e85606c91976af70432"}
,"/Users/charbel/WebstormProjects/notification-service-poc/service/secret-guesser/src/secret/EvenSecretMaker.js": {"path":"/Users/charbel/WebstormProjects/notification-service-poc/service/secret-guesser/src/secret/EvenSecretMaker.js","statementMap":{"0":{"start":{"line":2,"column":0},"end":{"line":2,"column":62}},"1":{"start":{"line":3,"column":0},"end":{"line":3,"column":33}},"2":{"start":{"line":4,"column":20},"end":{"line":4,"column":50}},"3":{"start":{"line":5,"column":37},"end":{"line":18,"column":3}},"4":{"start":{"line":7,"column":8},"end":{"line":7,"column":23}},"5":{"start":{"line":8,"column":8},"end":{"line":8,"column":23}},"6":{"start":{"line":10,"column":4},"end":{"line":16,"column":6}},"7":{"start":{"line":11,"column":21},"end":{"line":11,"column":85}},"8":{"start":{"line":12,"column":8},"end":{"line":14,"column":9}},"9":{"start":{"line":13,"column":12},"end":{"line":13,"column":21}},"10":{"start":{"line":15,"column":8},"end":{"line":15,"column":22}},"11":{"start":{"line":17,"column":4},"end":{"line":17,"column":27}},"12":{"start":{"line":19,"column":0},"end":{"line":19,"column":42}}},"fnMap":{"0":{"name":"(anonymous_0)","decl":{"start":{"line":5,"column":37},"end":{"line":5,"column":38}},"loc":{"start":{"line":5,"column":49},"end":{"line":18,"column":1}},"line":5},"1":{"name":"EvenSecretMaker","decl":{"start":{"line":6,"column":13},"end":{"line":6,"column":28}},"loc":{"start":{"line":6,"column":39},"end":{"line":9,"column":5}},"line":6},"2":{"name":"(anonymous_2)","decl":{"start":{"line":10,"column":47},"end":{"line":10,"column":48}},"loc":{"start":{"line":10,"column":59},"end":{"line":16,"column":5}},"line":10}},"branchMap":{"0":{"loc":{"start":{"line":12,"column":8},"end":{"line":14,"column":9}},"type":"if","locations":[{"start":{"line":12,"column":8},"end":{"line":14,"column":9}},{"start":{},"end":{}}],"line":12}},"s":{"0":1,"1":1,"2":1,"3":1,"4":0,"5":0,"6":1,"7":0,"8":0,"9":0,"10":0,"11":1,"12":1},"f":{"0":1,"1":0,"2":0},"b":{"0":[0,0]},"inputSourceMap":null,"_coverageSchema":"1a1c01bbd47fc00a2c39e90264f33305004495a9","hash":"b85441ca315eebdaffcd8cc3af60589dc2af81c3"}
,"/Users/charbel/WebstormProjects/notification-service-poc/service/secret-guesser/src/util/NumberUtils.ts": {"path":"/Users/charbel/WebstormProjects/notification-service-poc/service/secret-guesser/src/util/NumberUtils.ts","statementMap":{"0":{"start":{"line":1,"column":0},"end":{"line":1,"column":13}},"1":{"start":{"line":2,"column":16},"end":{"line":4,"column":null}},"2":{"start":{"line":3,"column":4},"end":{"line":3,"column":27}},"3":{"start":{"line":6,"column":16},"end":{"line":8,"column":null}},"4":{"start":{"line":7,"column":4},"end":{"line":7,"column":32}},"5":{"start":{"line":9,"column":0},"end":{"line":9,"column":null}},"6":{"start":{"line":1,"column":13},"end":{"line":1,"column":24}}},"fnMap":{"0":{"name":"(anonymous_0)","decl":{"start":{"line":1,"column":0},"end":{"line":1,"column":13}},"loc":{"start":{"line":1,"column":0},"end":{"line":9,"column":null}}},"1":{"name":"(anonymous_2)","decl":{"start":{"line":2,"column":2},"end":{"line":2,"column":16}},"loc":{"start":{"line":2,"column":37},"end":{"line":4,"column":3}}},"2":{"name":"(anonymous_3)","decl":{"start":{"line":6,"column":2},"end":{"line":6,"column":16}},"loc":{"start":{"line":6,"column":36},"end":{"line":8,"column":3}}}},"branchMap":{},"s":{"0":1,"1":1,"2":0,"3":1,"4":0,"5":1,"6":1},"f":{"0":1,"1":0,"2":0},"b":{}}
}
