TN:
SF:src/InversifyApplication.ts
FN:8,(anonymous_4)
FN:12,InversifyApplication
FN:20,(anonymous_6)
FNF:3
FNH:3
FNDA:1,(anonymous_4)
FNDA:3,InversifyApplication
FNDA:3,(anonymous_6)
DA:1,1
DA:2,1
DA:3,1
DA:8,1
DA:16,3
DA:17,3
DA:20,1
DA:21,3
DA:23,3
DA:25,3
DA:26,3
DA:27,3
DA:29,3
DA:30,3
DA:31,3
DA:32,10
DA:33,1
DA:34,1
DA:36,9
DA:37,9
DA:38,9
DA:41,2
DA:43,1
LF:23
LH:23
BRDA:32,0,0,1
BRF:1
BRH:1
end_of_record
TN:
SF:src/inversify.identifiers.ts
FNF:0
FNH:0
DA:1,1
DA:7,1
LF:2
LH:2
BRF:0
BRH:0
end_of_record
TN:
SF:src/guess/EvenCounter.js
FN:2,(anonymous_0)
FN:13,(anonymous_1)
FN:14,EvenCounter
FN:18,(anonymous_3)
FN:21,(anonymous_4)
FN:24,(anonymous_5)
FNF:6
FNH:2
FNDA:1,(anonymous_0)
FNDA:1,(anonymous_1)
FNDA:0,EvenCounter
FNDA:0,(anonymous_3)
FNDA:0,(anonymous_4)
FNDA:0,(anonymous_5)
DA:2,1
DA:3,1
DA:4,1
DA:5,0
DA:6,1
DA:8,1
DA:9,1
DA:10,1
DA:11,1
DA:12,1
DA:13,1
DA:15,0
DA:16,0
DA:18,1
DA:19,0
DA:21,1
DA:22,0
DA:24,1
DA:25,0
DA:26,0
DA:27,0
DA:29,1
DA:32,1
DA:34,1
LF:24
LH:16
BRDA:2,0,0,1
BRDA:2,0,1,1
BRDA:2,0,2,1
BRDA:3,1,0,1
BRDA:3,1,1,0
BRDA:3,2,0,0
BRDA:3,2,1,0
BRDA:4,3,0,1
BRDA:4,3,1,0
BRDA:4,4,0,1
BRDA:4,4,1,1
BRDA:5,5,0,0
BRDA:5,5,1,0
BRDA:5,6,0,0
BRDA:5,6,1,0
BRDA:5,7,0,0
BRDA:5,7,1,0
BRDA:5,8,0,0
BRDA:5,8,1,0
BRDA:6,9,0,1
BRDA:6,9,1,0
BRDA:6,9,2,0
BRDA:16,10,0,0
BRDA:16,10,1,0
BRF:24
BRH:8
end_of_record
TN:
SF:src/secret/EvenSecretMaker.js
FN:5,(anonymous_0)
FN:6,EvenSecretMaker
FN:10,(anonymous_2)
FNF:3
FNH:1
FNDA:1,(anonymous_0)
FNDA:0,EvenSecretMaker
FNDA:0,(anonymous_2)
DA:2,1
DA:3,1
DA:4,1
DA:5,1
DA:7,0
DA:8,0
DA:10,1
DA:11,0
DA:12,0
DA:13,0
DA:15,0
DA:17,1
DA:19,1
LF:13
LH:7
BRDA:12,0,0,0
BRDA:12,0,1,0
BRF:2
BRH:0
end_of_record
TN:
SF:src/util/NumberUtils.ts
FN:1,(anonymous_0)
FN:2,(anonymous_2)
FN:6,(anonymous_3)
FNF:3
FNH:1
FNDA:1,(anonymous_0)
FNDA:0,(anonymous_2)
FNDA:0,(anonymous_3)
DA:1,1
DA:2,1
DA:3,0
DA:6,1
DA:7,0
DA:9,1
LF:6
LH:4
BRF:0
BRH:0
end_of_record
